Laiendus "Sketch Input" laadimine nurjus kuna sõltuvus ei olnud rahuldatud.
Sõltuvus:
  tüüp: executable
 asukohta:joonele
 sõne:skconvert

Laiendus "Dia Input" laadimine nurjus kuna sõltuvus ei olnud rahuldatud.
Sõltuvus:
  tüüp: executable
 asukohta:joonele
 sõne:dia
 kirjeldus:Dia failide importimiseks peab olema Dia paigaldatud. Dia saab aadressilt http://live.gnome.org/Dia

Laiendus "XFIG Input" laadimine nurjus kuna sõltuvus ei olnud rahuldatud.
Sõltuvus:
  tüüp: executable
 asukohta:joonele
 sõne:fig2dev

Laiendus "Win32 Vector Print" laadimine nurjus kuna the extension is designed for Windows only.  Selle põhjus on laienduse sobimatu .inx fail.  Sobimatu .inx fail võib olla põhjustatud Inkscape vigasest paigaldusest.
Laiendus "LaTeX" laadimine nurjus kuna sõltuvus ei olnud rahuldatud.
Sõltuvus:
  tüüp: executable
 asukohta:joonele
 sõne:latex

Laiendus "LaTeX" laadimine nurjus kuna sõltuvus ei olnud rahuldatud.
Sõltuvus:
  tüüp: executable
 asukohta:joonele
 sõne:dvips

Laiendus "LaTeX" laadimine nurjus kuna sõltuvus ei olnud rahuldatud.
Sõltuvus:
  tüüp: executable
 asukohta:joonele
 sõne:pstoedit

Laiendus "DXF Output" laadimine nurjus kuna sõltuvus ei olnud rahuldatud.
Sõltuvus:
  tüüp: executable
 asukohta:joonele
 sõne:pstoedit
 kirjeldus:Käivitamiseks peab olema paigaldatud pstoedit; vaata http://www.pstoedit.net/pstoedit

